<?xml version="1.0" encoding="UTF-8"?>
<testsuite name="com.example.bigdataproductlistpageview.ProductTest" tests="1" skipped="0" failures="0" errors="0" timestamp="2024-01-29T12:44:53" hostname="DESKTOP-7PO26L5" time="0.456">
  <properties/>
  <testcase name="데이터조회()" classname="com.example.bigdataproductlistpageview.ProductTest" time="0.456"/>
  <system-out><![CDATA[21:44:50.415 [Test worker] INFO org.springframework.test.context.support.AnnotationConfigContextLoaderUtils -- Could not detect default configuration classes for test class [com.example.bigdataproductlistpageview.ProductTest]: ProductTest does not declare any static, non-private, non-final, nested classes annotated with @Configuration.
21:44:50.489 [Test worker] INFO org.springframework.boot.test.context.SpringBootTestContextBootstrapper -- Found @SpringBootConfiguration com.example.bigdataproductlistpageview.BigDataProductListPageViewApplication for test class com.example.bigdataproductlistpageview.ProductTest

  .   ____          _            __ _ _
 /\\ / ___'_ __ _ _(_)_ __  __ _ \ \ \ \
( ( )\___ | '_ | '_| | '_ \/ _` | \ \ \ \
 \\/  ___)| |_)| | | | | || (_| |  ) ) ) )
  '  |____| .__|_| |_|_| |_\__, | / / / /
 =========|_|==============|___/=/_/_/_/
 :: Spring Boot ::                (v3.2.2)

2024-01-29T21:44:50.779+09:00  INFO 17828 --- [    Test worker] c.e.b.ProductTest                        : Starting ProductTest using Java 17.0.9 with PID 17828 (started by user in D:\big-data-product-list-page-view\big-data-product-list-page-view)
2024-01-29T21:44:50.780+09:00  INFO 17828 --- [    Test worker] c.e.b.ProductTest                        : The following 1 profile is active: "aws"
2024-01-29T21:44:51.241+09:00  INFO 17828 --- [    Test worker] .s.d.r.c.RepositoryConfigurationDelegate : Bootstrapping Spring Data JPA repositories in DEFAULT mode.
2024-01-29T21:44:51.287+09:00  INFO 17828 --- [    Test worker] .s.d.r.c.RepositoryConfigurationDelegate : Finished Spring Data repository scanning in 41 ms. Found 3 JPA repository interfaces.
2024-01-29T21:44:51.687+09:00  INFO 17828 --- [    Test worker] o.hibernate.jpa.internal.util.LogHelper  : HHH000204: Processing PersistenceUnitInfo [name: default]
2024-01-29T21:44:51.745+09:00  INFO 17828 --- [    Test worker] org.hibernate.Version                    : HHH000412: Hibernate ORM core version 6.4.1.Final
2024-01-29T21:44:51.783+09:00  INFO 17828 --- [    Test worker] o.h.c.internal.RegionFactoryInitiator    : HHH000026: Second-level cache disabled
2024-01-29T21:44:51.986+09:00  INFO 17828 --- [    Test worker] o.s.o.j.p.SpringPersistenceUnitInfo      : No LoadTimeWeaver setup: ignoring JPA class transformer
2024-01-29T21:44:52.011+09:00  INFO 17828 --- [    Test worker] com.zaxxer.hikari.HikariDataSource       : HikariPool-1 - Starting...
2024-01-29T21:44:52.133+09:00  INFO 17828 --- [    Test worker] com.zaxxer.hikari.pool.HikariPool        : HikariPool-1 - Added connection com.mysql.cj.jdbc.ConnectionImpl@636dbfe7
2024-01-29T21:44:52.134+09:00  INFO 17828 --- [    Test worker] com.zaxxer.hikari.HikariDataSource       : HikariPool-1 - Start completed.
2024-01-29T21:44:52.795+09:00  INFO 17828 --- [    Test worker] o.h.e.t.j.p.i.JtaPlatformInitiator       : HHH000489: No JTA platform available (set 'hibernate.transaction.jta.platform' to enable JTA platform integration)
2024-01-29T21:44:52.798+09:00  INFO 17828 --- [    Test worker] j.LocalContainerEntityManagerFactoryBean : Initialized JPA EntityManagerFactory for persistence unit 'default'
2024-01-29T21:44:52.986+09:00  INFO 17828 --- [    Test worker] o.s.d.j.r.query.QueryEnhancerFactory     : Hibernate is in classpath; If applicable, HQL parser will be used.
2024-01-29T21:44:53.202+09:00  WARN 17828 --- [    Test worker] JpaBaseConfiguration$JpaWebConfiguration : spring.jpa.open-in-view is enabled by default. Therefore, database queries may be performed during view rendering. Explicitly configure spring.jpa.open-in-view to disable this warning
2024-01-29T21:44:53.476+09:00  INFO 17828 --- [    Test worker] c.e.b.ProductTest                        : Started ProductTest in 2.857 seconds (process running for 3.782)
답이오 : ProductResponse(code=200, message=Success, nextToken=1, dataList=[])
]]></system-out>
  <system-err><![CDATA[]]></system-err>
</testsuite>
